
Deployment Image Servicing and Management tool
Version: 10.0.22000.1

Image Version: 10.0.22000.318

Obtaining list of 3rd party drivers from the driver store...

Driver packages listing:

Published Name : oem0.inf
Original File Name : dptf_acpi.inf
Inbox : No
Class Name : System
Provider Name : Intel
Date : 12/12/2018
Version : 8.5.10103.7263

Published Name : oem1.inf
Original File Name : dptf_cpu.inf
Inbox : No
Class Name : System
Provider Name : Intel
Date : 12/12/2018
Version : 8.5.10103.7263

Published Name : oem10.inf
Original File Name : spuvcbv.inf
Inbox : No
Class Name : Camera
Provider Name : SunplusIT
Date : 4/22/2019
Version : 5.0.8.16

Published Name : oem11.inf
Original File Name : spuvcbv1.inf
Inbox : No
Class Name : Camera
Provider Name : SunplusIT
Date : 4/22/2019
Version : 5.0.8.16

Published Name : oem12.inf
Original File Name : spuvcbv2.inf
Inbox : No
Class Name : Camera
Provider Name : SunplusIT
Date : 4/22/2019
Version : 5.0.8.16

Published Name : oem13.inf
Original File Name : spuvcbv3.inf
Inbox : No
Class Name : Camera
Provider Name : SunplusIT
Date : 4/22/2019
Version : 5.0.8.16

Published Name : oem14.inf
Original File Name : spuvcbv4.inf
Inbox : No
Class Name : Camera
Provider Name : SunplusIT
Date : 4/22/2019
Version : 5.0.8.16

Published Name : oem15.inf
Original File Name : spuvcbv5.inf
Inbox : No
Class Name : Camera
Provider Name : SunplusIT
Date : 4/22/2019
Version : 5.0.8.16

Published Name : oem16.inf
Original File Name : spuvcbv6.inf
Inbox : No
Class Name : Camera
Provider Name : SunplusIT
Date : 4/22/2019
Version : 5.0.8.16

Published Name : oem17.inf
Original File Name : spuvcbv7.inf
Inbox : No
Class Name : Camera
Provider Name : SunplusIT
Date : 4/22/2019
Version : 5.0.8.16

Published Name : oem18.inf
Original File Name : spuvcbv8.inf
Inbox : No
Class Name : Camera
Provider Name : SunplusIT
Date : 4/22/2019
Version : 5.0.8.16

Published Name : oem19.inf
Original File Name : spuvcbv9.inf
Inbox : No
Class Name : Camera
Provider Name : SunplusIT
Date : 4/22/2019
Version : 5.0.8.16

Published Name : oem2.inf
Original File Name : virtualbuttons.inf
Inbox : No
Class Name : System
Provider Name : Intel(R) Corporation
Date : 9/8/2017
Version : 2.2.1.31

Published Name : oem20.inf
Original File Name : spuvcbv10.inf
Inbox : No
Class Name : Camera
Provider Name : SunplusIT
Date : 4/22/2019
Version : 5.0.8.16

Published Name : oem21.inf
Original File Name : spuvcbv11.inf
Inbox : No
Class Name : Camera
Provider Name : SunplusIT
Date : 4/22/2019
Version : 5.0.8.16

Published Name : oem22.inf
Original File Name : spuvcbv12.inf
Inbox : No
Class Name : Camera
Provider Name : SunplusIT
Date : 4/22/2019
Version : 5.0.8.16

Published Name : oem23.inf
Original File Name : spuvcbv13.inf
Inbox : No
Class Name : Camera
Provider Name : SunplusIT
Date : 4/22/2019
Version : 5.0.8.16

Published Name : oem24.inf
Original File Name : spuvcbv14.inf
Inbox : No
Class Name : Camera
Provider Name : SunplusIT
Date : 4/22/2019
Version : 5.0.8.16

Published Name : oem25.inf
Original File Name : spuvcbv15.inf
Inbox : No
Class Name : Camera
Provider Name : SunplusIT
Date : 4/22/2019
Version : 5.0.8.16

Published Name : oem26.inf
Original File Name : spuvcbv16.inf
Inbox : No
Class Name : Camera
Provider Name : SunplusIT
Date : 4/22/2019
Version : 5.0.8.16

Published Name : oem27.inf
Original File Name : spuvcbv17.inf
Inbox : No
Class Name : Camera
Provider Name : SunplusIT
Date : 4/22/2019
Version : 5.0.8.16

Published Name : oem28.inf
Original File Name : spuvcbv18.inf
Inbox : No
Class Name : Camera
Provider Name : SunplusIT
Date : 4/22/2019
Version : 5.0.8.16

Published Name : oem29.inf
Original File Name : spuvcbv19.inf
Inbox : No
Class Name : Camera
Provider Name : SunplusIT
Date : 4/22/2019
Version : 5.0.8.16

Published Name : oem3.inf
Original File Name : ialpss2_gpio2_skl.inf
Inbox : No
Class Name : System
Provider Name : Intel Corporation
Date : 4/2/2019
Version : 30.100.1914.3

Published Name : oem30.inf
Original File Name : spuvcbv20.inf
Inbox : No
Class Name : Camera
Provider Name : SunplusIT
Date : 4/22/2019
Version : 5.0.8.16

Published Name : oem31.inf
Original File Name : spuvcbvir1.inf
Inbox : No
Class Name : Camera
Provider Name : SunplusIT
Date : 4/22/2019
Version : 5.0.8.16

Published Name : oem32.inf
Original File Name : spuvcbvir2.inf
Inbox : No
Class Name : Camera
Provider Name : SunplusIT
Date : 4/22/2019
Version : 5.0.8.16

Published Name : oem33.inf
Original File Name : spuvcbvir3.inf
Inbox : No
Class Name : Camera
Provider Name : SunplusIT
Date : 4/22/2019
Version : 5.0.8.16

Published Name : oem34.inf
Original File Name : rtchhp.inf
Inbox : No
Class Name : Camera
Provider Name : Realtek
Date : 4/12/2019
Version : 10.0.17763.20095

Published Name : oem35.inf
Original File Name : rtchhpc.inf
Inbox : No
Class Name : Camera
Provider Name : Realtek
Date : 4/12/2019
Version : 10.0.17763.20095

Published Name : oem36.inf
Original File Name : spuvcbv.inf
Inbox : No
Class Name : Camera
Provider Name : SunplusIT
Date : 4/22/2019
Version : 5.0.8.16

Published Name : oem37.inf
Original File Name : spuvcbv1.inf
Inbox : No
Class Name : Camera
Provider Name : SunplusIT
Date : 4/22/2019
Version : 5.0.8.16

Published Name : oem38.inf
Original File Name : spuvcbv2.inf
Inbox : No
Class Name : Camera
Provider Name : SunplusIT
Date : 4/22/2019
Version : 5.0.8.16

Published Name : oem39.inf
Original File Name : spuvcbv3.inf
Inbox : No
Class Name : Camera
Provider Name : SunplusIT
Date : 4/22/2019
Version : 5.0.8.16

Published Name : oem4.inf
Original File Name : ialpss2_i2c_skl.inf
Inbox : No
Class Name : System
Provider Name : Intel Corporation
Date : 4/2/2019
Version : 30.100.1914.3

Published Name : oem40.inf
Original File Name : spuvcbv4.inf
Inbox : No
Class Name : Camera
Provider Name : SunplusIT
Date : 4/22/2019
Version : 5.0.8.16

Published Name : oem41.inf
Original File Name : spuvcbv5.inf
Inbox : No
Class Name : Camera
Provider Name : SunplusIT
Date : 4/22/2019
Version : 5.0.8.16

Published Name : oem42.inf
Original File Name : spuvcbv6.inf
Inbox : No
Class Name : Camera
Provider Name : SunplusIT
Date : 4/22/2019
Version : 5.0.8.16

Published Name : oem43.inf
Original File Name : spuvcbv7.inf
Inbox : No
Class Name : Camera
Provider Name : SunplusIT
Date : 4/22/2019
Version : 5.0.8.16

Published Name : oem44.inf
Original File Name : spuvcbv8.inf
Inbox : No
Class Name : Camera
Provider Name : SunplusIT
Date : 4/22/2019
Version : 5.0.8.16

Published Name : oem45.inf
Original File Name : spuvcbv9.inf
Inbox : No
Class Name : Camera
Provider Name : SunplusIT
Date : 4/22/2019
Version : 5.0.8.16

Published Name : oem46.inf
Original File Name : spuvcbv10.inf
Inbox : No
Class Name : Camera
Provider Name : SunplusIT
Date : 4/22/2019
Version : 5.0.8.16

Published Name : oem47.inf
Original File Name : spuvcbv11.inf
Inbox : No
Class Name : Camera
Provider Name : SunplusIT
Date : 4/22/2019
Version : 5.0.8.16

Published Name : oem48.inf
Original File Name : spuvcbv12.inf
Inbox : No
Class Name : Camera
Provider Name : SunplusIT
Date : 4/22/2019
Version : 5.0.8.16

Published Name : oem49.inf
Original File Name : spuvcbv13.inf
Inbox : No
Class Name : Camera
Provider Name : SunplusIT
Date : 4/22/2019
Version : 5.0.8.16

Published Name : oem5.inf
Original File Name : hid_pci.inf
Inbox : No
Class Name : HIDClass
Provider Name : Intel
Date : 3/7/2019
Version : 3.1.0.4101

Published Name : oem50.inf
Original File Name : spuvcbv14.inf
Inbox : No
Class Name : Camera
Provider Name : SunplusIT
Date : 4/22/2019
Version : 5.0.8.16

Published Name : oem51.inf
Original File Name : spuvcbv15.inf
Inbox : No
Class Name : Camera
Provider Name : SunplusIT
Date : 4/22/2019
Version : 5.0.8.16

Published Name : oem52.inf
Original File Name : spuvcbv16.inf
Inbox : No
Class Name : Camera
Provider Name : SunplusIT
Date : 4/22/2019
Version : 5.0.8.16

Published Name : oem53.inf
Original File Name : spuvcbv17.inf
Inbox : No
Class Name : Camera
Provider Name : SunplusIT
Date : 4/22/2019
Version : 5.0.8.16

Published Name : oem54.inf
Original File Name : spuvcbv18.inf
Inbox : No
Class Name : Camera
Provider Name : SunplusIT
Date : 4/22/2019
Version : 5.0.8.16

Published Name : oem55.inf
Original File Name : spuvcbv19.inf
Inbox : No
Class Name : Camera
Provider Name : SunplusIT
Date : 4/22/2019
Version : 5.0.8.16

Published Name : oem56.inf
Original File Name : spuvcbv20.inf
Inbox : No
Class Name : Camera
Provider Name : SunplusIT
Date : 4/22/2019
Version : 5.0.8.16

Published Name : oem57.inf
Original File Name : spuvcbvir1.inf
Inbox : No
Class Name : Camera
Provider Name : SunplusIT
Date : 4/22/2019
Version : 5.0.8.16

Published Name : oem58.inf
Original File Name : spuvcbvir2.inf
Inbox : No
Class Name : Camera
Provider Name : SunplusIT
Date : 4/22/2019
Version : 5.0.8.16

Published Name : oem59.inf
Original File Name : spuvcbvir3.inf
Inbox : No
Class Name : Camera
Provider Name : SunplusIT
Date : 4/22/2019
Version : 5.0.8.16

Published Name : oem6.inf
Original File Name : ish_busdriver.inf
Inbox : No
Class Name : System
Provider Name : Intel
Date : 3/7/2019
Version : 3.1.0.4101

Published Name : oem60.inf
Original File Name : hideventfilter.inf
Inbox : No
Class Name : HIDClass
Provider Name : Intel(R) Corporation
Date : 3/14/2019
Version : 2.2.1.377

Published Name : oem61.inf
Original File Name : kabylakesystem.inf
Inbox : No
Class Name : System
Provider Name : INTEL
Date : 7/18/1968
Version : 10.1.10.4

Published Name : oem62.inf
Original File Name : sunrisepoint-lpsystem.inf
Inbox : No
Class Name : System
Provider Name : INTEL
Date : 7/18/1968
Version : 10.1.5.2

Published Name : oem63.inf
Original File Name : sunrisepoint-lpsystemthermal.inf
Inbox : No
Class Name : System
Provider Name : INTEL
Date : 7/18/1968
Version : 10.1.5.2

Published Name : oem64.inf
Original File Name : wachidrouterisdu.inf
Inbox : No
Class Name : HIDClass
Provider Name : Wacom Technology
Date : 1/21/2021
Version : 7.7.2.16

Published Name : oem65.inf
Original File Name : wtabletserviceisd.inf
Inbox : No
Class Name : SoftwareComponent
Provider Name : Wacom Technology
Date : 1/26/2021
Version : 7.7.1.16

Published Name : oem66.inf
Original File Name : igdlh64.inf
Inbox : No
Class Name : Display
Provider Name : Intel Corporation
Date : 3/24/2021
Version : 27.20.100.9416

Published Name : oem67.inf
Original File Name : hdbusext.inf
Inbox : No
Class Name : Extension
Provider Name : Intel Corporation
Date : 3/24/2021
Version : 27.20.100.9416

Published Name : oem68.inf
Original File Name : intcdaud.inf
Inbox : No
Class Name : MEDIA
Provider Name : Intel(R) Corporation
Date : 12/3/2019
Version : 10.26.0.9

Published Name : oem69.inf
Original File Name : intcdaud.inf
Inbox : No
Class Name : MEDIA
Provider Name : Intel(R) Corporation
Date : 2/25/2020
Version : 10.27.0.9

Published Name : oem7.inf
Original File Name : ish.inf
Inbox : No
Class Name : System
Provider Name : Intel
Date : 3/7/2019
Version : 3.1.0.4101

Published Name : oem70.inf
Original File Name : seapo64u.inf
Inbox : No
Class Name : MEDIA
Provider Name : Sound Research Corp.
Date : 10/29/2020
Version : 2.0.9.73

Published Name : oem71.inf
Original File Name : intcaudiobus.inf
Inbox : No
Class Name : System
Provider Name : Intel(R) Corporation
Date : 4/16/2020
Version : 9.21.0.4561

Published Name : oem72.inf
Original File Name : intcoed.inf
Inbox : No
Class Name : System
Provider Name : Intel(R) Corporation
Date : 8/25/2020
Version : 9.21.0.4561

Published Name : oem73.inf
Original File Name : detectionverificationdrv.inf
Inbox : No
Class Name : System
Provider Name : Intel(R) Corporation
Date : 4/16/2020
Version : 1.0.184.0

Published Name : oem74.inf
Original File Name : synadmicapo.inf
Inbox : No
Class Name : Extension
Provider Name : Synaptics Incorporate
Date : 5/27/2019
Version : 1.8.5.0

Published Name : oem75.inf
Original File Name : cisstrt.inf
Inbox : No
Class Name : MEDIA
Provider Name : Conexant
Date : 6/29/2021
Version : 9.0.278.130

Published Name : oem76.inf
Original File Name : tbthostcontroller.inf
Inbox : No
Class Name : System
Provider Name : Intel(R) Corporation
Date : 7/13/2021
Version : 1.41.1193.0

Published Name : oem77.inf
Original File Name : tbtp2pndisdrv.inf
Inbox : No
Class Name : Net
Provider Name : Intel(R) Corporation
Date : 7/13/2021
Version : 1.41.1193.0

Published Name : oem78.inf
Original File Name : tbthostcontrollertoastcomponent.inf
Inbox : No
Class Name : SoftwareComponent
Provider Name : Intel(R) Corporation
Date : 7/13/2021
Version : 1.41.1193.0

Published Name : oem79.inf
Original File Name : tbthostcontrollerhsacomponent.inf
Inbox : No
Class Name : SoftwareComponent
Provider Name : Intel(R) Corporation
Date : 7/13/2021
Version : 1.41.1193.0

Published Name : oem8.inf
Original File Name : rtchhp.inf
Inbox : No
Class Name : Camera
Provider Name : Realtek
Date : 4/12/2019
Version : 10.0.17763.20095

Published Name : oem80.inf
Original File Name : tbthostcontrollerextension.inf
Inbox : No
Class Name : Extension
Provider Name : Intel(R) Corporation
Date : 7/13/2021
Version : 1.41.1193.0

Published Name : oem81.inf
Original File Name : synawudfbiousbhpprod.inf
Inbox : No
Class Name : Biometric
Provider Name : Synaptics Incorporated
Date : 4/28/2021
Version : 5.5.28.1099

Published Name : oem82.inf
Original File Name : heci.inf
Inbox : No
Class Name : System
Provider Name : Intel
Date : 10/31/2021
Version : 2145.1.42.0

Published Name : oem83.inf
Original File Name : mesrl.inf
Inbox : No
Class Name : Ports
Provider Name : Intel
Date : 7/25/2021
Version : 2131.1.73.0

Published Name : oem84.inf
Original File Name : ibtusb.inf
Inbox : No
Class Name : Bluetooth
Provider Name : Intel Corporation
Date : 5/30/2022
Version : 22.150.0.6

Published Name : oem85.inf
Original File Name : ibtusb.inf
Inbox : No
Class Name : Bluetooth
Provider Name : Intel Corporation
Date : 5/30/2022
Version : 22.150.0.6

Published Name : oem86.inf
Original File Name : ibtusb.inf
Inbox : No
Class Name : Bluetooth
Provider Name : Intel Corporation
Date : 5/30/2022
Version : 22.150.0.6

Published Name : oem87.inf
Original File Name : ibtusb.inf
Inbox : No
Class Name : Bluetooth
Provider Name : Intel Corporation
Date : 5/30/2022
Version : 22.150.0.6

Published Name : oem88.inf
Original File Name : ibtusb.inf
Inbox : No
Class Name : Bluetooth
Provider Name : Intel Corporation
Date : 5/23/2022
Version : 20.100.10.9

Published Name : oem89.inf
Original File Name : ibtusb.inf
Inbox : No
Class Name : Bluetooth
Provider Name : Intel Corporation
Date : 5/30/2022
Version : 22.150.0.6

Published Name : oem9.inf
Original File Name : rtchhpc.inf
Inbox : No
Class Name : Camera
Provider Name : Realtek
Date : 4/12/2019
Version : 10.0.17763.20095

Published Name : oem90.inf
Original File Name : ibtusb.inf
Inbox : No
Class Name : Bluetooth
Provider Name : Intel Corporation
Date : 5/23/2022
Version : 20.100.10.9

Published Name : oem91.inf
Original File Name : ibtusb.inf
Inbox : No
Class Name : Bluetooth
Provider Name : Intel Corporation
Date : 5/30/2022
Version : 22.150.0.6

Published Name : oem92.inf
Original File Name : ibtusb.inf
Inbox : No
Class Name : Bluetooth
Provider Name : Intel Corporation
Date : 5/30/2022
Version : 22.150.0.6

Published Name : oem93.inf
Original File Name : ibtusb.inf
Inbox : No
Class Name : Bluetooth
Provider Name : Intel Corporation
Date : 5/30/2022
Version : 22.150.0.6

Published Name : oem94.inf
Original File Name : netwtw04.inf
Inbox : No
Class Name : net
Provider Name : Intel
Date : 2/20/2022
Version : 19.51.40.1

Published Name : oem95.inf
Original File Name : netwtw06.inf
Inbox : No
Class Name : net
Provider Name : Intel
Date : 1/13/2022
Version : 20.70.30.1

Published Name : oem96.inf
Original File Name : netwtw08.inf
Inbox : No
Class Name : net
Provider Name : Intel
Date : 5/24/2022
Version : 22.150.0.3

Published Name : oem97.inf
Original File Name : netwtw6e.inf
Inbox : No
Class Name : net
Provider Name : Intel
Date : 5/24/2022
Version : 22.150.0.3

Published Name : oem98.inf
Original File Name : wirelessbuttondriver.inf
Inbox : No
Class Name : HIDClass
Provider Name : HP Inc.
Date : 6/14/2022
Version : 2.1.17.45138

The operation completed successfully.
